2017-11-22 10:29:05 Error: [PDOException] SQLSTATE[HY000] [1045] Access denied for user 'rupak_db'@'localhost' (using password: YES) in D:\rupak\affiliate\vendor\cakephp\cakephp\src\Database\Driver\PDODriverTrait.php on line 48
Stack Trace:
#0 D:\rupak\affiliate\vendor\cakephp\cakephp\src\Database\Driver\PDODriverTrait.php(48): PDO->__construct('mysql:host=loca...', 'rupak_db', 'future@123', Array)
#1 D:\rupak\affiliate\vendor\cakephp\cakephp\src\Database\Driver\Mysql.php(104): Cake\Database\Driver\Mysql->_connect('mysql:host=loca...', Array)
#2 D:\rupak\affiliate\vendor\cakephp\cakephp\src\Database\Schema\BaseSchema.php(45): Cake\Database\Driver\Mysql->connect()
#3 D:\rupak\affiliate\vendor\cakephp\cakephp\src\Database\Dialect\MysqlDialectTrait.php(63): Cake\Database\Schema\BaseSchema->__construct(Object(Cake\Database\Driver\Mysql))
#4 D:\rupak\affiliate\vendor\cakephp\cakephp\src\Database\Schema\Collection.php(52): Cake\Database\Driver\Mysql->schemaDialect()
#5 D:\rupak\affiliate\vendor\cakephp\cakephp\src\Database\Schema\CachedCollection.php(42): Cake\Database\Schema\Collection->__construct(Object(Cake\Database\Connection))
#6 D:\rupak\affiliate\vendor\cakephp\cakephp\src\Database\Connection.php(365): Cake\Database\Schema\CachedCollection->__construct(Object(Cake\Database\Connection), true)
#7 D:\rupak\affiliate\vendor\cakephp\cakephp\src\Database\Connection.php(384): Cake\Database\Connection->getSchemaCollection()
#8 D:\rupak\affiliate\vendor\cakephp\bake\src\Shell\Task\ModelTask.php(1014): Cake\Database\Connection->schemaCollection()
#9 D:\rupak\affiliate\vendor\cakephp\bake\src\Shell\Task\ModelTask.php(966): Bake\Shell\Task\ModelTask->_getAllTables()
#10 D:\rupak\affiliate\vendor\cakephp\bake\src\Shell\Task\ModelTask.php(981): Bake\Shell\Task\ModelTask->listAll()
#11 D:\rupak\affiliate\vendor\cakephp\bake\src\Shell\BakeShell.php(237): Bake\Shell\Task\ModelTask->listUnskipped()
#12 D:\rupak\affiliate\vendor\cakephp\cakephp\src\Console\Shell.php(458): Bake\Shell\BakeShell->all()
#13 D:\rupak\affiliate\vendor\cakephp\cakephp\src\Console\ShellDispatcher.php(230): Cake\Console\Shell->runCommand(Array, true, Array)
#14 D:\rupak\affiliate\vendor\cakephp\cakephp\src\Console\ShellDispatcher.php(182): Cake\Console\ShellDispatcher->_dispatch(Array)
#15 D:\rupak\affiliate\vendor\cakephp\cakephp\src\Console\ShellDispatcher.php(128): Cake\Console\ShellDispatcher->dispatch(Array)
#16 D:\rupak\affiliate\bin\cake.php(34): Cake\Console\ShellDispatcher::run(Array)
#17 {main}


